<?xml version="1.0"?>
<!DOCTYPE coverage SYSTEM "http://cobertura.sourceforge.net/xml/coverage-04.dtd">

<coverage line-rate="0.9524296675191816" branch-rate="0.9139871382636656" lines-covered="1862" lines-valid="1955" branches-covered="1137" branches-valid="1244" complexity="1.2" version="1.9.2" timestamp="1326422452819">
	<sources>
		<source>--source</source>
		<source>C:/Users/Chris/Projects/GMetrics/SVN/src/main/java</source>
	</sources>
	<packages>
		<package name="org.codehaus.groovy.ast.expr" line-rate="0.0" branch-rate="1.0" complexity="1.5">
			<classes>
				<class name="org.codehaus.groovy.ast.expr.RegexExpression" filename="org/codehaus/groovy/ast/expr/RegexExpression.java" line-rate="0.0" branch-rate="1.0" complexity="1.5">
					<methods>
						<method name="&lt;clinit&gt;" signature="()V" line-rate="0.0" branch-rate="1.0">
							<lines>
								<line number="33" hits="0" branch="false"/>
							</lines>
						</method>
						<method name="&lt;init&gt;" signature="(Lorg/codehaus/groovy/ast/expr/Expression;)V" line-rate="0.0" branch-rate="1.0">
							<lines>
								<line number="37" hits="0" branch="false"/>
								<line number="38" hits="0" branch="false"/>
								<line number="39" hits="0" branch="false"/>
								<line number="40" hits="0" branch="false"/>
							</lines>
						</method>
						<method name="getRegex" signature="()Lorg/codehaus/groovy/ast/expr/Expression;" line-rate="0.0" branch-rate="1.0">
							<lines>
								<line number="62" hits="0" branch="false"/>
							</lines>
						</method>
						<method name="transformExpression" signature="(Lorg/codehaus/groovy/ast/expr/ExpressionTransformer;)Lorg/codehaus/groovy/ast/expr/Expression;" line-rate="0.0" branch-rate="1.0">
							<lines>
								<line number="56" hits="0" branch="false"/>
								<line number="57" hits="0" branch="false"/>
								<line number="58" hits="0" branch="false"/>
							</lines>
						</method>
						<method name="visit" signature="(Lorg/codehaus/groovy/ast/GroovyCodeVisitor;)V" line-rate="0.0" branch-rate="1.0">
							<lines>
								<line number="46" hits="0" branch="false"/>
								<line number="47" hits="0" branch="false"/>
								<line number="48" hits="0" branch="false"/>
								<line number="50" hits="0" branch="false"/>
								<line number="51" hits="0" branch="false"/>
								<line number="52" hits="0" branch="false"/>
								<line number="53" hits="0" branch="false"/>
							</lines>
						</method>
					</methods>
					<lines>
						<line number="33" hits="0" branch="false"/>
						<line number="37" hits="0" branch="false"/>
						<line number="38" hits="0" branch="false"/>
						<line number="39" hits="0" branch="false"/>
						<line number="40" hits="0" branch="false"/>
						<line number="46" hits="0" branch="false"/>
						<line number="47" hits="0" branch="false"/>
						<line number="48" hits="0" branch="false"/>
						<line number="50" hits="0" branch="false"/>
						<line number="51" hits="0" branch="false"/>
						<line number="52" hits="0" branch="false"/>
						<line number="53" hits="0" branch="false"/>
						<line number="56" hits="0" branch="false"/>
						<line number="57" hits="0" branch="false"/>
						<line number="58" hits="0" branch="false"/>
						<line number="62" hits="0" branch="false"/>
					</lines>
				</class>
			</classes>
		</package>
		<package name="org.codehaus.groovy.transform.powerassert" line-rate="1.0" branch-rate="1.0" complexity="1.0">
			<classes>
				<class name="org.codehaus.groovy.transform.powerassert.Value" filename="org/codehaus/groovy/transform/powerassert/Value.java" line-rate="1.0" branch-rate="1.0" complexity="1.0">
					<methods>
						<method name="&lt;init&gt;" signature="(Ljava/lang/Object;I)V" line-rate="1.0" branch-rate="1.0">
							<lines>
								<line number="29" hits="466186" branch="false"/>
								<line number="30" hits="466186" branch="false"/>
								<line number="31" hits="466186" branch="false"/>
								<line number="32" hits="466186" branch="false"/>
							</lines>
						</method>
						<method name="getColumn" signature="()I" line-rate="1.0" branch-rate="1.0">
							<lines>
								<line number="39" hits="2616" branch="false"/>
							</lines>
						</method>
						<method name="getValue" signature="()Ljava/lang/Object;" line-rate="1.0" branch-rate="1.0">
							<lines>
								<line number="35" hits="543" branch="false"/>
							</lines>
						</method>
					</methods>
					<lines>
						<line number="29" hits="466186" branch="false"/>
						<line number="30" hits="466186" branch="false"/>
						<line number="31" hits="466186" branch="false"/>
						<line number="32" hits="466186" branch="false"/>
						<line number="35" hits="543" branch="false"/>
						<line number="39" hits="2616" branch="false"/>
					</lines>
				</class>
				<class name="org.codehaus.groovy.transform.powerassert.ValueRecorder" filename="org/codehaus/groovy/transform/powerassert/ValueRecorder.java" line-rate="1.0" branch-rate="1.0" complexity="1.0">
					<methods>
						<method name="&lt;init&gt;" signature="()V" line-rate="1.0" branch-rate="1.0">
							<lines>
								<line number="28" hits="305992" branch="false"/>
								<line number="34" hits="305992" branch="false"/>
							</lines>
						</method>
						<method name="clear" signature="()V" line-rate="1.0" branch-rate="1.0">
							<lines>
								<line number="37" hits="305982" branch="false"/>
								<line number="38" hits="305982" branch="false"/>
							</lines>
						</method>
						<method name="getValues" signature="()Ljava/util/List;" line-rate="1.0" branch-rate="1.0">
							<lines>
								<line number="46" hits="914" branch="false"/>
							</lines>
						</method>
						<method name="record" signature="(Ljava/lang/Object;I)Ljava/lang/Object;" line-rate="1.0" branch-rate="1.0">
							<lines>
								<line number="41" hits="466186" branch="false"/>
								<line number="42" hits="466186" branch="false"/>
							</lines>
						</method>
					</methods>
					<lines>
						<line number="28" hits="305992" branch="false"/>
						<line number="34" hits="305992" branch="false"/>
						<line number="37" hits="305982" branch="false"/>
						<line number="38" hits="305982" branch="false"/>
						<line number="41" hits="466186" branch="false"/>
						<line number="42" hits="466186" branch="false"/>
						<line number="46" hits="914" branch="false"/>
					</lines>
				</class>
			</classes>
		</package>
		<package name="org.gmetrics" line-rate="1.0" branch-rate="1.0" complexity="0.0">
			<classes>
				<class name="org.gmetrics.GMetricsRunner" filename="org/gmetrics/GMetricsRunner.groovy" line-rate="1.0" branch-rate="1.0" complexity="0.0">
					<methods>
						<method name="&lt;clinit&gt;" signature="()V" line-rate="1.0" branch-rate="1.0">
							<lines>
								<line number="40" hits="5" branch="false"/>
							</lines>
						</method>
						<method name="&lt;init&gt;" signature="()V" line-rate="1.0" branch-rate="1.0">
							<lines>
								<line number="44" hits="50" branch="false"/>
							</lines>
						</method>
						<method name="execute" signature="()Lorg/gmetrics/resultsnode/ResultsNode;" line-rate="1.0" branch-rate="1.0">
							<lines>
								<line number="47" hits="43" branch="true" condition-coverage="100% (2/2)">
									<conditions>
										<condition number="0" type="jump" coverage="100%"/>
									</conditions>
								</line>
								<line number="48" hits="38" branch="true" condition-coverage="100% (2/2)">
									<conditions>
										<condition number="0" type="jump" coverage="100%"/>
									</conditions>
								</line>
								<line number="49" hits="33" branch="true" condition-coverage="100% (4/4)">
									<conditions>
										<condition number="0" type="jump" coverage="100%"/>
										<condition number="1" type="jump" coverage="100%"/>
									</conditions>
								</line>
								<line number="51" hits="28" branch="false"/>
								<line number="52" hits="28" branch="false"/>
								<line number="53" hits="28" branch="false"/>
								<line number="54" hits="28" branch="false"/>
								<line number="56" hits="28" branch="false"/>
								<line number="58" hits="28" branch="false"/>
								<line number="62" hits="28" branch="false"/>
								<line number="63" hits="28" branch="false"/>
							</lines>
						</method>
					</methods>
					<lines>
						<line number="40" hits="5" branch="false"/>
						<line number="44" hits="50" branch="false"/>
						<line number="47" hits="43" branch="true" condition-coverage="100% (2/2)">
							<conditions>
								<condition number="0" type="jump" coverage="100%"/>
							</conditions>
						</line>
						<line number="48" hits="38" branch="true" condition-coverage="100% (2/2)">
							<conditions>
								<condition number="0" type="jump" coverage="100%"/>
							</conditions>
						</line>
						<line number="49" hits="33" branch="true" condition-coverage="100% (4/4)">
							<conditions>
								<condition number="0" type="jump" coverage="100%"/>
								<condition number="1" type="jump" coverage="100%"/>
							</conditions>
						</line>
						<line number="51" hits="28" branch="false"/>
						<line number="52" hits="28" branch="false"/>
						<line number="53" hits="28" branch="false"/>
						<line number="54" hits="28" branch="false"/>
						<line number="56" hits="28" branch="false"/>
						<line number="58" hits="28" branch="false"/>
						<line number="62" hits="28" branch="false"/>
						<line number="63" hits="28" branch="false"/>
					</lines>
				</class>
				<class name="org.gmetrics.GMetricsRunner$_execute_closure1" filename="org/gmetrics/GMetricsRunner.groovy" line-rate="1.0" branch-rate="1.0" complexity="0.0">
					<methods>
						<method name="doCall" signature="(Ljava/lang/Object;)Ljava/lang/Object;" line-rate="1.0" branch-rate="1.0">
							<lines>
								<line number="59" hits="53" branch="false"/>
							</lines>
						</method>
					</methods>
					<lines>
						<line number="59" hits="53" branch="false"/>
					</lines>
				</class>
			</classes>
		</package>
		<package name="org.gmetrics.analyzer" line-rate="1.0" branch-rate="0.95" complexity="0.0">
			<classes>
				<class name="org.gmetrics.analyzer.AnalysisContext" filename="org/gmetrics/analyzer/AnalysisContext.groovy" line-rate="1.0" branch-rate="1.0" complexity="0.0">
					<methods>
						<method name="&lt;init&gt;" signature="()V" line-rate="1.0" branch-rate="1.0">
							<lines>
								<line number="26" hits="354" branch="false"/>
							</lines>
						</method>
					</methods>
					<lines>
						<line number="26" hits="354" branch="false"/>
					</lines>
				</class>
				<class name="org.gmetrics.analyzer.FilesystemSourceAnalyzer" filename="org/gmetrics/analyzer/FilesystemSourceAnalyzer.groovy" line-rate="1.0" branch-rate="0.9285714285714286" complexity="0.0">
					<methods>
						<method name="&lt;init&gt;" signature="()V" line-rate="1.0" branch-rate="1.0">
							<lines>
								<line number="34" hits="75" branch="false"/>
							</lines>
						</method>
						<method name="analyze" signature="(Lorg/gmetrics/metricset/MetricSet;)Lorg/gmetrics/resultsnode/ResultsNode;" line-rate="1.0" branch-rate="1.0">
							<lines>
								<line number="79" hits="65" branch="true" condition-coverage="100% (2/2)">
									<conditions>
										<condition number="0" type="jump" coverage="100%"/>
									</conditions>
								</line>
								<line number="80" hits="55" branch="true" condition-coverage="100% (2/2)">
									<conditions>
										<condition number="0" type="jump" coverage="100%"/>
									</conditions>
								</line>
								<line number="82" hits="50" branch="false"/>
								<line number="83" hits="50" branch="false"/>
								<line number="84" hits="50" branch="false"/>
							</lines>
						</method>
						<method name="applyMetricsToClass" signature="(Lorg/codehaus/groovy/ast/ClassNode;Lorg/gmetrics/metricset/MetricSet;Lorg/gmetrics/source/SourceCode;)Lorg/gmetrics/resultsnode/ClassResultsNode;" line-rate="1.0" branch-rate="1.0">
							<lines>
								<line number="126" hits="488" branch="false"/>
								<line number="127" hits="488" branch="false"/>
								<line number="131" hits="488" branch="false"/>
							</lines>
						</method>
						<method name="getSourceDirectories" signature="()Ljava/util/List;" line-rate="1.0" branch-rate="1.0">
							<lines>
								<line number="88" hits="5" branch="false"/>
							</lines>
						</method>
						<method name="initializeWildcardPatterns" signature="()V" line-rate="1.0" branch-rate="1.0">
							<lines>
								<line number="140" hits="90" branch="false"/>
								<line number="141" hits="90" branch="false"/>
							</lines>
						</method>
						<method name="matches" signature="(Lorg/gmetrics/source/SourceCode;)Z" line-rate="1.0" branch-rate="1.0">
							<lines>
								<line number="135" hits="1828" branch="true" condition-coverage="100% (2/2)">
									<conditions>
										<condition number="0" type="jump" coverage="100%"/>
									</conditions>
								</line>
								<line number="136" hits="508" branch="true" condition-coverage="100% (4/4)">
									<conditions>
										<condition number="0" type="jump" coverage="100%"/>
										<condition number="1" type="jump" coverage="100%"/>
									</conditions>
								</line>
							</lines>
						</method>
						<method name="processDirectory" signature="(Ljava/lang/Object;Ljava/lang/String;Lorg/gmetrics/metricset/MetricSet;)Lorg/gmetrics/resultsnode/PackageResultsNode;" line-rate="1.0" branch-rate="1.0">
							<lines>
								<line number="92" hits="1903" branch="false"/>
								<line number="93" hits="1903" branch="false"/>
								<line number="94" hits="1903" branch="false"/>
								<line number="107" hits="1903" branch="false"/>
								<line number="108" hits="1903" branch="false"/>
							</lines>
						</method>
						<method name="processFile" signature="(Ljava/lang/Object;Lorg/gmetrics/resultsnode/PackageResultsNode;Lorg/gmetrics/metricset/MetricSet;)V" line-rate="1.0" branch-rate="0.75">
							<lines>
								<line number="112" hits="1788" branch="false"/>
								<line number="113" hits="1788" branch="true" condition-coverage="100% (2/2)">
									<conditions>
										<condition number="0" type="jump" coverage="100%"/>
									</conditions>
								</line>
								<line number="114" hits="468" branch="false"/>
								<line number="115" hits="468" branch="true" condition-coverage="50% (1/2)">
									<conditions>
										<condition number="0" type="jump" coverage="50%"/>
									</conditions>
								</line>
								<line number="116" hits="468" branch="false"/>
							</lines>
						</method>
					</methods>
					<lines>
						<line number="34" hits="75" branch="false"/>
						<line number="79" hits="65" branch="true" condition-coverage="100% (2/2)">
							<conditions>
								<condition number="0" type="jump" coverage="100%"/>
							</conditions>
						</line>
						<line number="80" hits="55" branch="true" condition-coverage="100% (2/2)">
							<conditions>
								<condition number="0" type="jump" coverage="100%"/>
							</conditions>
						</line>
						<line number="82" hits="50" branch="false"/>
						<line number="83" hits="50" branch="false"/>
						<line number="84" hits="50" branch="false"/>
						<line number="88" hits="5" branch="false"/>
						<line number="92" hits="1903" branch="false"/>
						<line number="93" hits="1903" branch="false"/>
						<line number="94" hits="1903" branch="false"/>
						<line number="107" hits="1903" branch="false"/>
						<line number="108" hits="1903" branch="false"/>
						<line number="112" hits="1788" branch="false"/>
						<line number="113" hits="1788" branch="true" condition-coverage="100% (2/2)">
							<conditions>
								<condition number="0" type="jump" coverage="100%"/>
							</conditions>
						</line>
						<line number="114" hits="468" branch="false"/>
						<line number="115" hits="468" branch="true" condition-coverage="50% (1/2)">
							<conditions>
								<condition number="0" type="jump" coverage="50%"/>
							</conditions>
						</line>
						<line number="116" hits="468" branch="false"/>
						<line number="126" hits="488" branch="false"/>
						<line number="127" hits="488" branch="false"/>
						<line number="131" hits="488" branch="false"/>
						<line number="135" hits="1828" branch="true" condition-coverage="100% (2/2)">
							<conditions>
								<condition number="0" type="jump" coverage="100%"/>
							</conditions>
						</line>
						<line number="136" hits="508" branch="true" condition-coverage="100% (4/4)">
							<conditions>
								<condition number="0" type="jump" coverage="100%"/>
								<condition number="1" type="jump" coverage="100%"/>
							</conditions>
						</line>
						<line number="140" hits="90" branch="false"/>
						<line number="141" hits="90" branch="false"/>
					</lines>
				</class>
				<class name="org.gmetrics.analyzer.FilesystemSourceAnalyzer$_applyMetricsToClass_closure6" filename="org/gmetrics/analyzer/FilesystemSourceAnalyzer.groovy" line-rate="1.0" branch-rate="1.0" complexity="0.0">
					<methods>
						<method name="doCall" signature="(Ljava/lang/Object;)Ljava/lang/Object;" line-rate="1.0" branch-rate="1.0">
							<lines>
								<line number="128" hits="936" branch="false"/>
								<line number="129" hits="936" branch="false"/>
							</lines>
						</method>
					</methods>
					<lines>
						<line number="128" hits="936" branch="false"/>
						<line number="129" hits="936" branch="false"/>
					</lines>
				</class>
				<class name="org.gmetrics.analyzer.FilesystemSourceAnalyzer$_closure1" filename="org/gmetrics/analyzer/FilesystemSourceAnalyzer.groovy" line-rate="1.0" branch-rate="1.0" complexity="0.0">
					<methods>
						<method name="doCall" signature="(Ljava/lang/Object;Ljava/lang/Object;)Ljava/lang/Object;" line-rate="1.0" branch-rate="1.0">
							<lines>
								<line number="66" hits="20" branch="false"/>
							</lines>
						</method>
					</methods>
					<lines>
						<line number="66" hits="20" branch="false"/>
					</lines>
				</class>
				<class name="org.gmetrics.analyzer.FilesystemSourceAnalyzer$_closure2" filename="org/gmetrics/analyzer/FilesystemSourceAnalyzer.groovy" line-rate="1.0" branch-rate="1.0" complexity="0.0">
					<methods>
						<method name="doCall" signature="(Ljava/lang/Object;)Ljava/lang/Object;" line-rate="1.0" branch-rate="1.0">
							<lines>
								<line number="68" hits="1738" branch="false"/>
							</lines>
						</method>
					</methods>
					<lines>
						<line number="68" hits="1738" branch="false"/>
					</lines>
				</class>
				<class name="org.gmetrics.analyzer.FilesystemSourceAnalyzer$_processDirectory_closure3" filename="org/gmetrics/analyzer/FilesystemSourceAnalyzer.groovy" line-rate="1.0" branch-rate="1.0" complexity="0.0">
					<methods>
						<method name="doCall" signature="(Ljava/lang/Object;)Ljava/lang/Object;" line-rate="1.0" branch-rate="1.0">
							<lines>
								<line number="95" hits="3641" branch="true" condition-coverage="100% (2/2)">
									<conditions>
										<condition number="0" type="jump" coverage="100%"/>
									</conditions>
								</line>
								<line number="96" hits="3641" branch="false"/>
								<line number="97" hits="3641" branch="true" condition-coverage="100% (2/2)">
									<conditions>
										<condition number="0" type="jump" coverage="100%"/>
									</conditions>
								</line>
								<line number="98" hits="1853" branch="false"/>
								<line number="99" hits="1853" branch="true" condition-coverage="100% (2/2)">
									<conditions>
										<condition number="0" type="jump" coverage="100%"/>
									</conditions>
								</line>
								<line number="100" hits="157" branch="false"/>
								<line number="104" hits="1788" branch="false"/>
							</lines>
						</method>
					</methods>
					<lines>
						<line number="95" hits="3641" branch="true" condition-coverage="100% (2/2)">
							<conditions>
								<condition number="0" type="jump" coverage="100%"/>
							</conditions>
						</line>
						<line number="96" hits="3641" branch="false"/>
						<line number="97" hits="3641" branch="true" condition-coverage="100% (2/2)">
							<conditions>
								<condition number="0" type="jump" coverage="100%"/>
							</conditions>
						</line>
						<line number="98" hits="1853" branch="false"/>
						<line number="99" hits="1853" branch="true" condition-coverage="100% (2/2)">
							<conditions>
								<condition number="0" type="jump" coverage="100%"/>
							</conditions>
						</line>
						<line number="100" hits="157" branch="false"/>
						<line number="104" hits="1788" branch="false"/>
					</lines>
				</class>
				<class name="org.gmetrics.analyzer.FilesystemSourceAnalyzer$_processDirectory_closure4" filename="org/gmetrics/analyzer/FilesystemSourceAnalyzer.groovy" line-rate="1.0" branch-rate="1.0" complexity="0.0">
					<methods>
						<method name="doCall" signature="(Ljava/lang/Object;)Ljava/lang/Object;" line-rate="1.0" branch-rate="1.0">
							<lines>
								<line number="107" hits="3426" branch="false"/>
							</lines>
						</method>
					</methods>
					<lines>
						<line number="107" hits="3426" branch="false"/>
					</lines>
				</class>
				<class name="org.gmetrics.analyzer.FilesystemSourceAnalyzer$_processFile_closure5" filename="org/gmetrics/analyzer/FilesystemSourceAnalyzer.groovy" line-rate="1.0" branch-rate="1.0" complexity="0.0">
					<methods>
						<method name="doCall" signature="(Ljava/lang/Object;)Ljava/lang/Object;" line-rate="1.0" branch-rate="1.0">
							<lines>
								<line number="117" hits="488" branch="false"/>
								<line number="118" hits="488" branch="false"/>
								<line number="119" hits="488" branch="false"/>
							</lines>
						</method>
					</methods>
					<lines>
						<line number="117" hits="488" branch="false"/>
						<line number="118" hits="488" branch="false"/>
						<line number="119" hits="488" branch="false"/>
					</lines>
				</class>
				<class name="org.gmetrics.analyzer.SourceAnalyzer" filename="org/gmetrics/analyzer/SourceAnalyzer.groovy" line-rate="1.0" branch-rate="1.0" complexity="0.0">
					<methods>
					</methods>
					<lines>
					</lines>
				</class>
			</classes>
		</package>
		<package name="org.gmetrics.ant" line-rate="1.0" branch-rate="0.868421052631579" complexity="0.0">
			<classes>
				<class name="org.gmetrics.ant.AntFileSetSourceAnalyzer" filename="org/gmetrics/ant/AntFileSetSourceAnalyzer.groovy" line-rate="1.0" branch-rate="0.8214285714285714" complexity="0.0">
					<methods>
						<method name="&lt;clinit&gt;" signature="()V" line-rate="1.0" branch-rate="1.0">
							<lines>
								<line number="39" hits="5" branch="false"/>
							</lines>
						</method>
						<method name="&lt;init&gt;" signature="(Lorg/apache/tools/ant/Project;Ljava/util/List;)V" line-rate="1.0" branch-rate="1.0">
							<lines>
								<line number="42" hits="280" branch="false"/>
								<line number="43" hits="280" branch="false"/>
								<line number="51" hits="280" branch="true" condition-coverage="100% (2/2)">
									<conditions>
										<condition number="0" type="jump" coverage="100%"/>
									</conditions>
								</line>
								<line number="52" hits="275" branch="true" condition-coverage="100% (4/4)">
									<conditions>
										<condition number="0" type="jump" coverage="100%"/>
										<condition number="1" type="jump" coverage="100%"/>
									</conditions>
								</line>
								<line number="53" hits="270" branch="false"/>
								<line number="54" hits="270" branch="false"/>
							</lines>
						</method>
						<method name="analyze" signature="(Lorg/gmetrics/metricset/MetricSet;)Lorg/gmetrics/resultsnode/ResultsNode;" line-rate="1.0" branch-rate="1.0">
							<lines>
								<line number="63" hits="68" branch="false"/>
								<line number="66" hits="68" branch="false"/>
								<line number="67" hits="68" branch="false"/>
							</lines>
						</method>
						<method name="applyMetricsToClass" signature="(Lorg/codehaus/groovy/ast/ClassNode;Lorg/gmetrics/metricset/MetricSet;Lorg/gmetrics/source/SourceCode;)Lorg/gmetrics/resultsnode/ClassResultsNode;" line-rate="1.0" branch-rate="1.0">
							<lines>
								<line number="126" hits="1339" branch="false"/>
								<line number="127" hits="1339" branch="false"/>
								<line number="131" hits="1339" branch="false"/>
							</lines>
						</method>
						<method name="calculatePackageLevelMetricResults" signature="(Lorg/gmetrics/resultsnode/PackageResultsNode;Lorg/gmetrics/metricset/MetricSet;)V" line-rate="1.0" branch-rate="1.0">
							<lines>
								<line number="83" hits="434" branch="false"/>
								<line number="84" hits="434" branch="false"/>
							</lines>
						</method>
						<method name="calculatePackageLevelMetricResults" signature="(Lorg/gmetrics/resultsnode/ResultsNode;Lorg/gmetrics/metricset/MetricSet;)V" line-rate="1.0" branch-rate="1.0">
							<lines>
								<line number="89" hits="1179" branch="false"/>
							</lines>
						</method>
						<method name="findOrAddResultsNodeForPath" signature="(Ljava/lang/String;)Lorg/gmetrics/resultsnode/ResultsNode;" line-rate="1.0" branch-rate="1.0">
							<lines>
								<line number="160" hits="1590" branch="false"/>
								<line number="161" hits="1590" branch="true" condition-coverage="100% (2/2)">
									<conditions>
										<condition number="0" type="jump" coverage="100%"/>
									</conditions>
								</line>
								<line number="162" hits="1214" branch="false"/>
								<line number="164" hits="376" branch="false"/>
								<line number="165" hits="376" branch="false"/>
								<line number="166" hits="376" branch="false"/>
								<line number="167" hits="376" branch="true" condition-coverage="100% (2/2)">
									<conditions>
										<condition number="0" type="jump" coverage="100%"/>
									</conditions>
								</line>
								<line number="168" hits="376" branch="false"/>
								<line number="169" hits="376" branch="false"/>
							</lines>
						</method>
						<method name="findPackageResultsNodeForPath" signature="(Lorg/gmetrics/resultsnode/PackageResultsNode;Ljava/lang/String;)Lorg/gmetrics/resultsnode/ResultsNode;" line-rate="1.0" branch-rate="1.0">
							<lines>
								<line number="139" hits="17989" branch="true" condition-coverage="100% (2/2)">
									<conditions>
										<condition number="0" type="jump" coverage="100%"/>
									</conditions>
								</line>
								<line number="140" hits="1239" branch="false"/>
								<line number="142" hits="16750" branch="false"/>
								<line number="143" hits="16750" branch="false"/>
							</lines>
						</method>
						<method name="findPackageResultsNodeForPath" signature="(Lorg/gmetrics/resultsnode/ResultsNode;Ljava/lang/String;)Lorg/gmetrics/resultsnode/ResultsNode;" line-rate="1.0" branch-rate="1.0">
							<lines>
								<line number="148" hits="41901" branch="false"/>
							</lines>
						</method>
						<method name="findResultsNodeForPath" signature="(Ljava/lang/String;)Lorg/gmetrics/resultsnode/ResultsNode;" line-rate="1.0" branch-rate="1.0">
							<lines>
								<line number="135" hits="1625" branch="false"/>
							</lines>
						</method>
						<method name="getSourceDirectories" signature="()Ljava/util/List;" line-rate="1.0" branch-rate="1.0">
							<lines>
								<line number="71" hits="53" branch="false"/>
								<line number="72" hits="53" branch="false"/>
							</lines>
						</method>
						<method name="processFile" signature="(Ljava/io/File;Ljava/lang/String;Lorg/gmetrics/metricset/MetricSet;)V" line-rate="1.0" branch-rate="0.5">
							<lines>
								<line number="109" hits="1277" branch="false"/>
								<line number="110" hits="1277" branch="false"/>
								<line number="112" hits="1277" branch="false"/>
								<line number="113" hits="1277" branch="false"/>
								<line number="114" hits="1277" branch="false"/>
								<line number="115" hits="1277" branch="true" condition-coverage="50% (1/2)">
									<conditions>
										<condition number="0" type="jump" coverage="50%"/>
									</conditions>
								</line>
								<line number="116" hits="1277" branch="false"/>
							</lines>
						</method>
						<method name="processFileSet" signature="(Ljava/lang/Object;Ljava/lang/Object;)V" line-rate="1.0" branch-rate="1.0">
							<lines>
								<line number="94" hits="68" branch="false"/>
								<line number="95" hits="68" branch="false"/>
								<line number="96" hits="68" branch="false"/>
								<line number="98" hits="68" branch="true" condition-coverage="100% (4/4)">
									<conditions>
										<condition number="0" type="jump" coverage="100%"/>
										<condition number="1" type="jump" coverage="100%"/>
									</conditions>
								</line>
								<line number="99" hits="10" branch="false"/>
								<line number="102" hits="68" branch="false"/>
							</lines>
						</method>
						<method name="removeBaseDirectoryPrefix" signature="(Ljava/lang/String;Ljava/lang/String;)Ljava/lang/String;" line-rate="1.0" branch-rate="1.0">
							<lines>
								<line number="173" hits="58" branch="true" condition-coverage="100% (2/2)">
									<conditions>
										<condition number="0" type="jump" coverage="100%"/>
									</conditions>
								</line>
								<line number="174" hits="33" branch="false"/>
								<line number="175" hits="33" branch="false"/>
								<line number="177" hits="25" branch="false"/>
							</lines>
						</method>
						<method name="removeLeadingSlash" signature="(Ljava/lang/Object;)Ljava/lang/String;" line-rate="1.0" branch-rate="0.3333333333333333">
							<lines>
								<line number="181" hits="33" branch="true" condition-coverage="33% (2/6)">
									<conditions>
										<condition number="0" type="jump" coverage="50%"/>
										<condition number="1" type="jump" coverage="0%"/>
										<condition number="2" type="jump" coverage="50%"/>
									</conditions>
								</line>
							</lines>
						</method>
						<method name="resultFromFirstMatchOrElseNull" signature="(Ljava/lang/Object;Ljava/lang/Object;)Ljava/lang/Object;" line-rate="1.0" branch-rate="1.0">
							<lines>
								<line number="152" hits="16750" branch="false"/>
								<line number="153" hits="16750" branch="false"/>
								<line number="156" hits="16750" branch="true" condition-coverage="100% (2/2)">
									<conditions>
										<condition number="0" type="jump" coverage="100%"/>
									</conditions>
								</line>
							</lines>
						</method>
					</methods>
					<lines>
						<line number="39" hits="5" branch="false"/>
						<line number="42" hits="280" branch="false"/>
						<line number="43" hits="280" branch="false"/>
						<line number="51" hits="280" branch="true" condition-coverage="100% (2/2)">
							<conditions>
								<condition number="0" type="jump" coverage="100%"/>
							</conditions>
						</line>
						<line number="52" hits="275" branch="true" condition-coverage="100% (4/4)">
							<conditions>
								<condition number="0" type="jump" coverage="100%"/>
								<condition number="1" type="jump" coverage="100%"/>
							</conditions>
						</line>
						<line number="53" hits="270" branch="false"/>
						<line number="54" hits="270" branch="false"/>
						<line number="63" hits="68" branch="false"/>
						<line number="66" hits="68" branch="false"/>
						<line number="67" hits="68" branch="false"/>
						<line number="71" hits="53" branch="false"/>
						<line number="72" hits="53" branch="false"/>
						<line number="83" hits="434" branch="false"/>
						<line number="84" hits="434" branch="false"/>
						<line number="89" hits="1179" branch="false"/>
						<line number="94" hits="68" branch="false"/>
						<line number="95" hits="68" branch="false"/>
						<line number="96" hits="68" branch="false"/>
						<line number="98" hits="68" branch="true" condition-coverage="100% (4/4)">
							<conditions>
								<condition number="0" type="jump" coverage="100%"/>
								<condition number="1" type="jump" coverage="100%"/>
							</conditions>
						</line>
						<line number="99" hits="10" branch="false"/>
						<line number="102" hits="68" branch="false"/>
						<line number="109" hits="1277" branch="false"/>
						<line number="110" hits="1277" branch="false"/>
						<line number="112" hits="1277" branch="false"/>
						<line number="113" hits="1277" branch="false"/>
						<line number="114" hits="1277" branch="false"/>
						<line number="115" hits="1277" branch="true" condition-coverage="50% (1/2)">
							<conditions>
								<condition number="0" type="jump" coverage="50%"/>
							</conditions>
						</line>
						<line number="116" hits="1277" branch="false"/>
						<line number="126" hits="1339" branch="false"/>
						<line number="127" hits="1339" branch="false"/>
						<line number="131" hits="1339" branch="false"/>
						<line number="135" hits="1625" branch="false"/>
						<line number="139" hits="17989" branch="true" condition-coverage="100% (2/2)">
							<conditions>
								<condition number="0" type="jump" coverage="100%"/>
							</conditions>
						</line>
						<line number="140" hits="1239" branch="false"/>
						<line number="142" hits="16750" branch="false"/>
						<line number="143" hits="16750" branch="false"/>
						<line number="148" hits="41901" branch="false"/>
						<line number="152" hits="16750" branch="false"/>
						<line number="153" hits="16750" branch="false"/>
						<line number="156" hits="16750" branch="true" condition-coverage="100% (2/2)">
							<conditions>
								<condition number="0" type="jump" coverage="100%"/>
							</conditions>
						</line>
						<line number="160" hits="1590" branch="false"/>
						<line number="161" hits="1590" branch="true" condition-coverage="100% (2/2)">
							<conditions>
								<condition number="0" type="jump" coverage="100%"/>
							</conditions>
						</line>
						<line number="162" hits="1214" branch="false"/>
						<line number="164" hits="376" branch="false"/>
						<line number="165" hits="376" branch="false"/>
						<line number="166" hits="376" branch="false"/>
						<line number="167" hits="376" branch="true" condition-coverage="100% (2/2)">
							<conditions>
								<condition number="0" type="jump" coverage="100%"/>
							</conditions>
						</line>
						<line number="168" hits="376" branch="false"/>
						<line number="169" hits="376" branch="false"/>
						<line number="173" hits="58" branch="true" condition-coverage="100% (2/2)">
							<conditions>
								<condition number="0" type="jump" coverage="100%"/>
							</conditions>
						</line>
						<line number="174" hits="33" branch="false"/>
						<line number="175" hits="33" branch="false"/>
						<line number="177" hits="25" branch="false"/>
						<line number="181" hits="33" branch="true" condition-coverage="33% (2/6)">
							<conditions>
								<condition number="0" type="jump" coverage="50%"/>
								<condition number="1" type="jump" coverage="0%"/>
								<condition number="2" type="jump" coverage="50%"/>
							</conditions>
						</line>
					</lines>
				</class>
				<class name="org.gmetrics.ant.AntFileSetSourceAnalyzer$_analyze_closure1" filename="org/gmetrics/ant/AntFileSetSourceAnalyzer.groovy" line-rate="1.0" branch-rate="1.0" complexity="0.0">
					<methods>
						<method name="doCall" signature="(Ljava/lang/Object;)Ljava/lang/Object;" line-rate="1.0" branch-rate="1.0">
							<lines>
								<line number="64" hits="68" branch="false"/>
							</lines>
						</method>
					</methods>
					<lines>
						<line number="64" hits="68" branch="false"/>
					</lines>
				</class>
				<class name="org.gmetrics.ant.AntFileSetSourceAnalyzer$_applyMetricsToClass_closure7" filename="org/gmetrics/ant/AntFileSetSourceAnalyzer.groovy" line-rate="1.0" branch-rate="1.0" complexity="0.0">
					<methods>
						<method name="doCall" signature="(Ljava/lang/Object;)Ljava/lang/Object;" line-rate="1.0" branch-rate="1.0">
							<lines>
								<line number="128" hits="4446" branch="false"/>
								<line number="129" hits="4446" branch="false"/>
							</lines>
						</method>
					</methods>
					<lines>
						<line number="128" hits="4446" branch="false"/>
						<line number="129" hits="4446" branch="false"/>
					</lines>
				</class>
				<class name="org.gmetrics.ant.AntFileSetSourceAnalyzer$_calculatePackageLevelMetricResults_closure3" filename="org/gmetrics/ant/AntFileSetSourceAnalyzer.groovy" line-rate="1.0" branch-rate="1.0" complexity="0.0">
					<methods>
						<method name="doCall" signature="(Ljava/lang/Object;Ljava/lang/Object;)Ljava/lang/Object;" line-rate="1.0" branch-rate="1.0">
							<lines>
								<line number="83" hits="1545" branch="false"/>
							</lines>
						</method>
					</methods>
					<lines>
						<line number="83" hits="1545" branch="false"/>
					</lines>
				</class>
				<class name="org.gmetrics.ant.AntFileSetSourceAnalyzer$_calculatePackageLevelMetricResults_closure4" filename="org/gmetrics/ant/AntFileSetSourceAnalyzer.groovy" line-rate="1.0" branch-rate="1.0" complexity="0.0">
					<methods>
						<method name="doCall" signature="(Ljava/lang/Object;)Ljava/lang/Object;" line-rate="1.0" branch-rate="1.0">
							<lines>
								<line number="84" hits="1381" branch="false"/>
							</lines>
						</method>
					</methods>
					<lines>
						<line number="84" hits="1381" branch="false"/>
					</lines>
				</class>
				<class name="org.gmetrics.ant.AntFileSetSourceAnalyzer$_findPackageResultsNodeForPath_closure8" filename="org/gmetrics/ant/AntFileSetSourceAnalyzer.groovy" line-rate="1.0" branch-rate="1.0" complexity="0.0">
					<methods>
						<method name="doCall" signature="(Ljava/lang/Object;)Ljava/lang/Object;" line-rate="1.0" branch-rate="1.0">
							<lines>
								<line number="143" hits="58265" branch="false"/>
							</lines>
						</method>
					</methods>
					<lines>
						<line number="143" hits="58265" branch="false"/>
					</lines>
				</class>
				<class name="org.gmetrics.ant.AntFileSetSourceAnalyzer$_getSourceDirectories_closure2" filename="org/gmetrics/ant/AntFileSetSourceAnalyzer.groovy" line-rate="1.0" branch-rate="1.0" complexity="0.0">
					<methods>
						<method name="doCall" signature="(Ljava/lang/Object;)Ljava/lang/Object;" line-rate="1.0" branch-rate="1.0">
							<lines>
								<line number="73" hits="58" branch="false"/>
								<line number="74" hits="58" branch="false"/>
							</lines>
						</method>
					</methods>
					<lines>
						<line number="73" hits="58" branch="false"/>
						<line number="74" hits="58" branch="false"/>
					</lines>
				</class>
				<class name="org.gmetrics.ant.AntFileSetSourceAnalyzer$_processFileSet_closure5" filename="org/gmetrics/ant/AntFileSetSourceAnalyzer.groovy" line-rate="1.0" branch-rate="1.0" complexity="0.0">
					<methods>
						<method name="doCall" signature="(Ljava/lang/Object;)Ljava/lang/Object;" line-rate="1.0" branch-rate="1.0">
							<lines>
								<line number="103" hits="1277" branch="false"/>
							</lines>
						</method>
					</methods>
					<lines>
						<line number="103" hits="1277" branch="false"/>
					</lines>
				</class>
				<class name="org.gmetrics.ant.AntFileSetSourceAnalyzer$_processFile_closure6" filename="org/gmetrics/ant/AntFileSetSourceAnalyzer.groovy" line-rate="1.0" branch-rate="1.0" complexity="0.0">
					<methods>
						<method name="doCall" signature="(Ljava/lang/Object;)Ljava/lang/Object;" line-rate="1.0" branch-rate="1.0">
							<lines>
								<line number="117" hits="1339" branch="false"/>
								<line number="118" hits="1339" branch="false"/>
								<line number="119" hits="1339" branch="false"/>
							</lines>
						</method>
					</methods>
					<lines>
						<line number="117" hits="1339" branch="false"/>
						<line number="118" hits="1339" branch="false"/>
						<line number="119" hits="1339" branch="false"/>
					</lines>
				</class>
				<class name="org.gmetrics.ant.AntFileSetSourceAnalyzer$_resultFromFirstMatchOrElseNull_closure9" filename="org/gmetrics/ant/AntFileSetSourceAnalyzer.groovy" line-rate="1.0" branch-rate="1.0" complexity="0.0">
					<methods>
						<method name="doCall" signature="(Ljava/lang/Object;)Ljava/lang/Object;" line-rate="1.0" branch-rate="1.0">
							<lines>
								<line number="154" hits="58265" branch="false"/>
							</lines>
						</method>
					</methods>
					<lines>
						<line number="154" hits="58265" branch="false"/>
					</lines>
				</class>
				<class name="org.gmetrics.ant.GMetricsTask" filename="org/gmetrics/ant/GMetricsTask.groovy" line-rate="1.0" branch-rate="1.0" complexity="0.0">
					<methods>
						<method name="&lt;clinit&gt;" signature="()V" line-rate="1.0" branch-rate="1.0">
							<lines>
								<line number="55" hits="2" branch="false"/>
							</lines>
						</method>
						<method name="&lt;init&gt;" signature="()V" line-rate="1.0" branch-rate="1.0">
							<lines>
								<line number="59" hits="32" branch="false"/>
								<line number="60" hits="32" branch="false"/>
							</lines>
						</method>
						<method name="addConfiguredReport" signature="(Lorg/gmetrics/ant/Report;)V" line-rate="1.0" branch-rate="1.0">
							<lines>
								<line number="98" hits="32" branch="true" condition-coverage="100% (4/4)">
									<conditions>
										<condition number="0" type="jump" coverage="100%"/>
										<condition number="1" type="jump" coverage="100%"/>
									</conditions>
								</line>
								<line number="99" hits="2" branch="false"/>
								<line number="101" hits="30" branch="false"/>
								<line number="102" hits="28" branch="false"/>
								<line number="103" hits="28" branch="false"/>
								<line number="104" hits="28" branch="false"/>
								<line number="105" hits="28" branch="false"/>
							</lines>
						</method>
						<method name="addFileset" signature="(Lorg/apache/tools/ant/types/FileSet;)V" line-rate="1.0" branch-rate="1.0">
							<lines>
								<line number="89" hits="22" branch="true" condition-coverage="100% (2/2)">
									<conditions>
										<condition number="0" type="jump" coverage="100%"/>
									</conditions>
								</line>
								<line number="90" hits="20" branch="false"/>
							</lines>
						</method>
						<method name="createMetricSet" signature="()Lorg/gmetrics/metricset/MetricSet;" line-rate="1.0" branch-rate="1.0">
							<lines>
								<line number="109" hits="16" branch="true" condition-coverage="100% (2/2)">
									<conditions>
										<condition number="0" type="jump" coverage="100%"/>
									</conditions>
								</line>
							</lines>
						</method>
						<method name="createSourceAnalyzer" signature="()Lorg/gmetrics/analyzer/SourceAnalyzer;" line-rate="1.0" branch-rate="1.0">
							<lines>
								<line number="113" hits="16" branch="false"/>
							</lines>
						</method>
						<method name="execute" signature="()V" line-rate="1.0" branch-rate="1.0">
							<lines>
								<line number="69" hits="18" branch="true" condition-coverage="100% (2/2)">
									<conditions>
										<condition number="0" type="jump" coverage="100%"/>
									</conditions>
								</line>
								<line number="71" hits="16" branch="false"/>
								<line number="72" hits="16" branch="false"/>
								<line number="73" hits="16" branch="false"/>
								<line number="74" hits="14" branch="false"/>
								<line number="75" hits="14" branch="false"/>
								<line number="76" hits="14" branch="false"/>
								<line number="79" hits="2" branch="false"/>
								<line number="80" hits="2" branch="false"/>
							</lines>
						</method>
					</methods>
					<lines>
						<line number="55" hits="2" branch="false"/>
						<line number="59" hits="32" branch="false"/>
						<line number="60" hits="32" branch="false"/>
						<line number="69" hits="18" branch="true" condition-coverage="100% (2/2)">
							<conditions>
								<condition number="0" type="jump" coverage="100%"/>
							</conditions>
						</line>
						<line number="71" hits="16" branch="false"/>
						<line number="72" hits="16" branch="false"/>
						<line number="73" hits="16" branch="false"/>
						<line number="74" hits="14" branch="false"/>
						<line number="75" hits="14" branch="false"/>
						<line number="76" hits="14" branch="false"/>
						<line number="79" hits="2" branch="false"/>
						<line number="80" hits="2" branch="false"/>
						<line number="89" hits="22" branch="true" condition-coverage="100% (2/2)">
							<conditions>
								<condition number="0" type="jump" coverage="100%"/>
							</conditions>
						</line>
						<line number="90" hits="20" branch="false"/>
						<line number="98" hits="32" branch="true" condition-coverage="100% (4/4)">
							<conditions>
								<condition number="0" type="jump" coverage="100%"/>
								<condition number="1" type="jump" coverage="100%"/>
							</conditions>
						</line>
						<line number="99" hits="2" branch="false"/>
						<line number="101" hits="30" branch="false"/>
						<line number="102" hits="28" branch="false"/>
						<line number="103" hits="28" branch="false"/>
						<line number="104" hits="28" branch="false"/>
						<line number="105" hits="28" branch="false"/>
						<line number="109" hits="16" branch="true" condition-coverage="100% (2/2)">
							<conditions>
								<condition number="0" type="jump" coverage="100%"/>
							</conditions>
						</line>
						<line number="113" hits="16" branch="false"/>
					</lines>
				</class>
				<class name="org.gmetrics.ant.GMetricsTask$_addConfiguredReport_closure2" filename="org/gmetrics/ant/GMetricsTask.groovy" line-rate="1.0" branch-rate="1.0" complexity="0.0">
					<methods>
						<method name="doCall" signature="(Ljava/lang/Object;Ljava/lang/Object;)Ljava/lang/Object;" line-rate="1.0" branch-rate="1.0">
							<lines>
								<line number="103" hits="72" branch="false"/>
							</lines>
						</method>
					</methods>
					<lines>
						<line number="103" hits="72" branch="false"/>
					</lines>
				</class>
				<class name="org.gmetrics.ant.GMetricsTask$_closure1" filename="org/gmetrics/ant/GMetricsTask.groovy" line-rate="1.0" branch-rate="1.0" complexity="0.0">
					<methods>
						<method name="doCall" signature="(Ljava/lang/Object;)Ljava/lang/Object;" line-rate="1.0" branch-rate="1.0">
							<lines>
								<line number="63" hits="12" branch="false"/>
							</lines>
						</method>
					</methods>
					<lines>
						<line number="63" hits="12" branch="false"/>
					</lines>
				</class>
				<class name="org.gmetrics.ant.Report" filename="org/gmetrics/ant/Report.groovy" line-rate="1.0" branch-rate="1.0" complexity="0.0">
					<methods>
						<method name="&lt;init&gt;" signature="()V" line-rate="1.0" branch-rate="1.0">
							<lines>
								<line number="26" hits="34" branch="false"/>
							</lines>
						</method>
						<method name="addConfiguredOption" signature="(Lorg/gmetrics/ant/ReportOption;)V" line-rate="1.0" branch-rate="1.0">
							<lines>
								<line number="32" hits="76" branch="false"/>
							</lines>
						</method>
					</methods>
					<lines>
						<line number="26" hits="34" branch="false"/>
						<line number="32" hits="76" branch="false"/>
					</lines>
				</class>
				<class name="org.gmetrics.ant.ReportOption" filename="org/gmetrics/ant/ReportOption.groovy" line-rate="1.0" branch-rate="1.0" complexity="0.0">
					<methods>
						<method name="&lt;init&gt;" signature="()V" line-rate="1.0" branch-rate="1.0">
							<lines>
								<line number="27" hits="76" branch="false"/>
							</lines>
						</method>
					</methods>
					<lines>
						<line number="27" hits="76" branch="false"/>
					</lines>
				</class>
			</classes>
		</package>
		<package name="org.gmetrics.formatter" line-rate="1.0" branch-rate="1.0" complexity="0.0">
			<classes>
				<class name="org.gmetrics.formatter.Formatter" filename="org/gmetrics/formatter/Formatter.groovy" line-rate="1.0" branch-rate="1.0" complexity="0.0">
					<methods>
					</methods>
					<lines>
					</lines>
				</class>
				<class name="org.gmetrics.formatter.FormatterFactory" filename="org/gmetrics/formatter/FormatterFactory.groovy" line-rate="1.0" branch-rate="1.0" complexity="0.0">
					<methods>
						<method name="&lt;init&gt;" signature="()V" line-rate="1.0" branch-rate="1.0">
							<lines>
								<line number="23" hits="164" branch="false"/>
							</lines>
						</method>
						<method name="getFormatter" signature="(Ljava/lang/String;)Lorg/gmetrics/formatter/Formatter;" line-rate="1.0" branch-rate="1.0">
							<lines>
								<line number="33" hits="29" branch="true" condition-coverage="100% (2/2)">
									<conditions>
										<condition number="0" type="jump" coverage="100%"/>
									</conditions>
								</line>
								<line number="35" hits="27" branch="false"/>
								<line number="36" hits="25" branch="false"/>
							</lines>
						</method>
					</methods>
					<lines>
						<line number="23" hits="164" branch="false"/>
						<line number="33" hits="29" branch="true" condition-coverage="100% (2/2)">
							<conditions>
								<condition number="0" type="jump" coverage="100%"/>
							</conditions>
						</line>
						<line number="35" hits="27" branch="false"/>
						<line number="36" hits="25" branch="false"/>
					</lines>
				</class>
				<class name="org.gmetrics.formatter.PercentageFormatter" filename="org/gmetrics/formatter/PercentageFormatter.groovy" line-rate="1.0" branch-rate="1.0" complexity="0.0">
					<methods>
						<method name="&lt;init&gt;" signature="()V" line-rate="1.0" branch-rate="1.0">
							<lines>
								<line number="23" hits="37" branch="false"/>
							</lines>
						</method>
						<method name="format" signature="(Ljava/lang/Object;)Ljava/lang/String;" line-rate="1.0" branch-rate="1.0">
							<lines>
								<line number="26" hits="3418" branch="true" condition-coverage="100% (2/2)">
									<conditions>
										<condition number="0" type="jump" coverage="100%"/>
									</conditions>
								</line>
								<line number="27" hits="2" branch="false"/>
								<line number="29" hits="3416" branch="true" condition-coverage="100% (2/2)">
									<conditions>
										<condition number="0" type="jump" coverage="100%"/>
									</conditions>
								</line>
								<line number="31" hits="3414" branch="false"/>
								<line number="32" hits="3414" branch="false"/>
								<line number="33" hits="3414" branch="false"/>
							</lines>
						</method>
					</methods>
					<lines>
						<line number="23" hits="37" branch="false"/>
						<line number="26" hits="3418" branch="true" condition-coverage="100% (2/2)">
							<conditions>
								<condition number="0" type="jump" coverage="100%"/>
							</conditions>
						</line>
						<line number="27" hits="2" branch="false"/>
						<line number="29" hits="3416" branch="true" condition-coverage="100% (2/2)">
							<conditions>
								<condition number="0" type="jump" coverage="100%"/>
							</conditions>
						</line>
						<line number="31" hits="3414" branch="false"/>
						<line number="32" hits="3414" branch="false"/>
						<line number="33" hits="3414" branch="false"/>
					</lines>
				</class>
				<class name="org.gmetrics.formatter.ToStringFormatter" filename="org/gmetrics/formatter/ToStringFormatter.groovy" line-rate="1.0" branch-rate="1.0" complexity="0.0">
					<methods>
						<method name="&lt;init&gt;" signature="()V" line-rate="1.0" branch-rate="1.0">
							<lines>
								<line number="23" hits="10" branch="false"/>
							</lines>
						</method>
						<method name="format" signature="(Ljava/lang/Object;)Ljava/lang/String;" line-rate="1.0" branch-rate="1.0">
							<lines>
								<line number="26" hits="6" branch="false"/>
							</lines>
						</method>
					</methods>
					<lines>
						<line number="23" hits="10" branch="false"/>
						<line number="26" hits="6" branch="false"/>
					</lines>
				</class>
			</classes>
		</package>
		<package name="org.gmetrics.metric" line-rate="0.8478260869565217" branch-rate="0.9230769230769231" complexity="0.0">
			<classes>
				<class name="org.gmetrics.metric.AbstractAstVisitor" filename="org/gmetrics/metric/AbstractAstVisitor.groovy" line-rate="0.25" branch-rate="0.6666666666666666" complexity="0.0">
					<methods>
						<method name="&lt;init&gt;" signature="()V" line-rate="1.0" branch-rate="1.0">
							<lines>
								<line number="33" hits="17605" branch="false"/>
							</lines>
						</method>
						<method name="getSourceUnit" signature="()Lorg/codehaus/groovy/control/SourceUnit;" line-rate="0.0" branch-rate="1.0">
							<lines>
								<line number="58" hits="0" branch="false"/>
							</lines>
						</method>
						<method name="isFirstVisit" signature="(Ljava/lang/Object;)Ljava/lang/Object;" line-rate="0.0" branch-rate="0.0">
							<lines>
								<line number="42" hits="0" branch="true" condition-coverage="0% (0/2)">
									<conditions>
										<condition number="0" type="jump" coverage="0%"/>
									</conditions>
								</line>
								<line number="43" hits="0" branch="false"/>
								<line number="45" hits="0" branch="false"/>
								<line number="46" hits="0" branch="false"/>
							</lines>
						</method>
						<method name="isSyntheticNonRunMethod" signature="(Lorg/codehaus/groovy/ast/MethodNode;)Z" line-rate="1.0" branch-rate="1.0">
							<lines>
								<line number="62" hits="11600" branch="true" condition-coverage="100% (4/4)">
									<conditions>
										<condition number="0" type="jump" coverage="100%"/>
										<condition number="1" type="jump" coverage="100%"/>
									</conditions>
								</line>
							</lines>
						</method>
						<method name="sourceLine" signature="(Lorg/codehaus/groovy/ast/ASTNode;)Ljava/lang/String;" line-rate="0.0" branch-rate="1.0">
							<lines>
								<line number="54" hits="0" branch="false"/>
							</lines>
						</method>
					</methods>
					<lines>
						<line number="33" hits="17605" branch="false"/>
						<line number="42" hits="0" branch="true" condition-coverage="0% (0/2)">
							<conditions>
								<condition number="0" type="jump" coverage="0%"/>
							</conditions>
						</line>
						<line number="43" hits="0" branch="false"/>
						<line number="45" hits="0" branch="false"/>
						<line number="46" hits="0" branch="false"/>
						<line number="54" hits="0" branch="false"/>
						<line number="58" hits="0" branch="false"/>
						<line number="62" hits="11600" branch="true" condition-coverage="100% (4/4)">
							<conditions>
								<condition number="0" type="jump" coverage="100%"/>
								<condition number="1" type="jump" coverage="100%"/>
							</conditions>
						</line>
					</lines>
				</class>
				<class name="org.gmetrics.metric.AbstractMethodMetric" filename="org/gmetrics/metric/AbstractMethodMetric.groovy" line-rate="1.0" branch-rate="1.0" complexity="0.0">
					<methods>
						<method name="&lt;init&gt;" signature="()V" line-rate="1.0" branch-rate="1.0">
							<lines>
								<line number="33" hits="416" branch="false"/>
							</lines>
						</method>
						<method name="addClosureFieldsToMetricResults" signature="(Lorg/gmetrics/source/SourceCode;Lorg/codehaus/groovy/ast/ClassNode;Ljava/util/Map;)V" line-rate="1.0" branch-rate="1.0">
							<lines>
								<line number="58" hits="1160" branch="false"/>
								<line number="59" hits="1160" branch="false"/>
							</lines>
						</method>
						<method name="addMethodsToMetricResults" signature="(Lorg/gmetrics/source/SourceCode;Lorg/codehaus/groovy/ast/ClassNode;Ljava/util/Map;)V" line-rate="1.0" branch-rate="1.0">
							<lines>
								<line number="69" hits="1160" branch="false"/>
								<line number="71" hits="1160" branch="false"/>
							</lines>
						</method>
						<method name="calculateForClass" signature="(Lorg/codehaus/groovy/ast/ClassNode;Lorg/gmetrics/source/SourceCode;)Lorg/gmetrics/result/ClassMetricResult;" line-rate="1.0" branch-rate="1.0">
							<lines>
								<line number="41" hits="1314" branch="false"/>
								<line number="43" hits="1314" branch="true" condition-coverage="100% (2/2)">
									<conditions>
										<condition number="0" type="jump" coverage="100%"/>
									</conditions>
								</line>
								<line number="44" hits="1160" branch="false"/>
								<line number="45" hits="1160" branch="false"/>
								<line number="48" hits="1314" branch="true" condition-coverage="100% (2/2)">
									<conditions>
										<condition number="0" type="jump" coverage="100%"/>
									</conditions>
								</line>
								<line number="49" hits="232" branch="false"/>
								<line number="52" hits="1082" branch="false"/>
								<line number="54" hits="1082" branch="false"/>
							</lines>
						</method>
					</methods>
					<lines>
						<line number="33" hits="416" branch="false"/>
						<line number="41" hits="1314" branch="false"/>
						<line number="43" hits="1314" branch="true" condition-coverage="100% (2/2)">
							<conditions>
								<condition number="0" type="jump" coverage="100%"/>
							</conditions>
						</line>
						<line number="44" hits="1160" branch="false"/>
						<line number="45" hits="1160" branch="false"/>
						<line number="48" hits="1314" branch="true" condition-coverage="100% (2/2)">
							<conditions>
								<condition number="0" type="jump" coverage="100%"/>
							</conditions>
						</line>
						<line number="49" hits="232" branch="false"/>
						<line number="52" hits="1082" branch="false"/>
						<line number="54" hits="1082" branch="false"/>
						<line number="58" hits="1160" branch="false"/>
						<line number="59" hits="1160" branch="false"/>
						<line number="69" hits="1160" branch="false"/>
						<line number="71" hits="1160" branch="false"/>
					</lines>
				</class>
				<class name="org.gmetrics.metric.AbstractMethodMetric$_addClosureFieldsToMetricResults_closure1" filename="org/gmetrics/metric/AbstractMethodMetric.groovy" line-rate="1.0" branch-rate="1.0" complexity="0.0">
					<methods>
						<method name="doCall" signature="(Ljava/lang/Object;)Ljava/lang/Object;" line-rate="1.0" branch-rate="1.0">
							<lines>
								<line number="58" hits="3278" branch="false"/>
							</lines>
						</method>
					</methods>
					<lines>
						<line number="58" hits="3278" branch="false"/>
					</lines>
				</class>
				<class name="org.gmetrics.metric.AbstractMethodMetric$_addClosureFieldsToMetricResults_closure2" filename="org/gmetrics/metric/AbstractMethodMetric.groovy" line-rate="1.0" branch-rate="1.0" complexity="0.0">
					<methods>
						<method name="doCall" signature="(Ljava/lang/Object;)Ljava/lang/Object;" line-rate="1.0" branch-rate="1.0">
							<lines>
								<line number="60" hits="68" branch="false"/>
								<line number="61" hits="68" branch="true" condition-coverage="100% (2/2)">
									<conditions>
										<condition number="0" type="jump" coverage="100%"/>
									</conditions>
								</line>
								<line number="62" hits="60" branch="false"/>
								<line number="63" hits="60" branch="false"/>
							</lines>
						</method>
					</methods>
					<lines>
						<line number="60" hits="68" branch="false"/>
						<line number="61" hits="68" branch="true" condition-coverage="100% (2/2)">
							<conditions>
								<condition number="0" type="jump" coverage="100%"/>
							</conditions>
						</line>
						<line number="62" hits="60" branch="false"/>
						<line number="63" hits="60" branch="false"/>
					</lines>
				</class>
				<class name="org.gmetrics.metric.AbstractMethodMetric$_addMethodsToMetricResults_closure3" filename="org/gmetrics/metric/AbstractMethodMetric.groovy" line-rate="1.0" branch-rate="1.0" complexity="0.0">
					<methods>
						<method name="doCall" signature="(Ljava/lang/Object;)Ljava/lang/Object;" line-rate="1.0" branch-rate="1.0">
							<lines>
								<line number="72" hits="5688" branch="false"/>
								<line number="73" hits="5688" branch="true" condition-coverage="100% (2/2)">
									<conditions>
										<condition number="0" type="jump" coverage="100%"/>
									</conditions>
								</line>
								<line number="74" hits="5245" branch="false"/>
								<line number="75" hits="5245" branch="false"/>
							</lines>
						</method>
					</methods>
					<lines>
						<line number="72" hits="5688" branch="false"/>
						<line number="73" hits="5688" branch="true" condition-coverage="100% (2/2)">
							<conditions>
								<condition number="0" type="jump" coverage="100%"/>
							</conditions>
						</line>
						<line number="74" hits="5245" branch="false"/>
						<line number="75" hits="5245" branch="false"/>
					</lines>
				</class>
				<class name="org.gmetrics.metric.AbstractMetric" filename="org/gmetrics/metric/AbstractMetric.groovy" line-rate="0.9166666666666666" branch-rate="1.0" complexity="0.0">
					<methods>
						<method name="&lt;init&gt;" signature="()V" line-rate="1.0" branch-rate="1.0">
							<lines>
								<line number="32" hits="678" branch="false"/>
								<line number="35" hits="678" branch="false"/>
							</lines>
						</method>
						<method name="applyToClass" signature="(Lorg/codehaus/groovy/ast/ClassNode;Lorg/gmetrics/source/SourceCode;)Lorg/gmetrics/result/ClassMetricResult;" line-rate="1.0" branch-rate="1.0">
							<lines>
								<line number="52" hits="2484" branch="true" condition-coverage="100% (4/4)">
									<conditions>
										<condition number="0" type="jump" coverage="100%"/>
										<condition number="1" type="jump" coverage="100%"/>
									</conditions>
								</line>
								<line number="53" hits="10" branch="false"/>
								<line number="55" hits="2474" branch="false"/>
							</lines>
						</method>
						<method name="applyToPackage" signature="(Ljava/lang/String;Ljava/util/Collection;)Lorg/gmetrics/result/MetricResult;" line-rate="1.0" branch-rate="1.0">
							<lines>
								<line number="40" hits="2016" branch="true" condition-coverage="100% (4/4)">
									<conditions>
										<condition number="0" type="jump" coverage="100%"/>
										<condition number="1" type="jump" coverage="100%"/>
									</conditions>
								</line>
								<line number="41" hits="10" branch="false"/>
								<line number="43" hits="2006" branch="false"/>
							</lines>
						</method>
						<method name="calculateForPackage" signature="(Ljava/lang/String;Ljava/util/Collection;)Lorg/gmetrics/result/MetricResult;" line-rate="1.0" branch-rate="1.0">
							<lines>
								<line number="48" hits="1736" branch="false"/>
							</lines>
						</method>
						<method name="createAggregateMetricResult" signature="(Lorg/gmetrics/metric/MetricLevel;Ljava/util/Collection;Lorg/codehaus/groovy/ast/ASTNode;)Lorg/gmetrics/result/MetricResult;" line-rate="0.5" branch-rate="1.0">
							<lines>
								<line number="63" hits="1998" branch="false"/>
								<line number="64" hits="0" branch="false"/>
							</lines>
						</method>
						<method name="isNotAnInterface" signature="(Lorg/codehaus/groovy/ast/ClassNode;)Z" line-rate="1.0" branch-rate="1.0">
							<lines>
								<line number="59" hits="1314" branch="true" condition-coverage="100% (4/4)">
									<conditions>
										<condition number="0" type="jump" coverage="100%"/>
										<condition number="1" type="jump" coverage="100%"/>
									</conditions>
								</line>
							</lines>
						</method>
					</methods>
					<lines>
						<line number="32" hits="678" branch="false"/>
						<line number="35" hits="678" branch="false"/>
						<line number="40" hits="2016" branch="true" condition-coverage="100% (4/4)">
							<conditions>
								<condition number="0" type="jump" coverage="100%"/>
								<condition number="1" type="jump" coverage="100%"/>
							</conditions>
						</line>
						<line number="41" hits="10" branch="false"/>
						<line number="43" hits="2006" branch="false"/>
						<line number="48" hits="1736" branch="false"/>
						<line number="52" hits="2484" branch="true" condition-coverage="100% (4/4)">
							<conditions>
								<condition number="0" type="jump" coverage="100%"/>
								<condition number="1" type="jump" coverage="100%"/>
							</conditions>
						</line>
						<line number="53" hits="10" branch="false"/>
						<line number="55" hits="2474" branch="false"/>
						<line number="59" hits="1314" branch="true" condition-coverage="100% (4/4)">
							<conditions>
								<condition number="0" type="jump" coverage="100%"/>
								<condition number="1" type="jump" coverage="100%"/>
							</conditions>
						</line>
						<line number="63" hits="1998" branch="false"/>
						<line number="64" hits="0" branch="false"/>
					</lines>
				</class>
				<class name="org.gmetrics.metric.AstVisitor" filename="org/gmetrics/metric/AstVisitor.groovy" line-rate="1.0" branch-rate="1.0" complexity="0.0">
					<methods>
					</methods>
					<lines>
					</lines>
				</class>
				<class name="org.gmetrics.metric.Metric" filename="org/gmetrics/metric/Metric.groovy" line-rate="1.0" branch-rate="1.0" complexity="0.0">
					<methods>
					</methods>
					<lines>
					</lines>
				</class>
				<class name="org.gmetrics.metric.MetricLevel" filename="org/gmetrics/metric/MetricLevel.groovy" line-rate="1.0" branch-rate="1.0" complexity="0.0">
					<methods>
						<method name="&lt;init&gt;" signature="(Ljava/lang/String;ILjava/lang/String;)V" line-rate="1.0" branch-rate="1.0">
							<lines>
								<line number="40" hits="15" branch="false"/>
							</lines>
						</method>
						<method name="getNames" signature="()Ljava/util/List;" line-rate="1.0" branch-rate="1.0">
							<lines>
								<line number="30" hits="217" branch="false"/>
							</lines>
						</method>
						<method name="toString" signature="()Ljava/lang/String;" line-rate="1.0" branch-rate="1.0">
							<lines>
								<line number="36" hits="684" branch="false"/>
							</lines>
						</method>
					</methods>
					<lines>
						<line number="30" hits="217" branch="false"/>
						<line number="36" hits="684" branch="false"/>
						<line number="40" hits="15" branch="false"/>
					</lines>
				</class>
				<class name="org.gmetrics.metric.MetricLevel$_getNames_closure1" filename="org/gmetrics/metric/MetricLevel.groovy" line-rate="1.0" branch-rate="1.0" complexity="0.0">
					<methods>
						<method name="doCall" signature="(Ljava/lang/Object;)Ljava/lang/Object;" line-rate="1.0" branch-rate="1.0">
							<lines>
								<line number="30" hits="651" branch="false"/>
							</lines>
						</method>
					</methods>
					<lines>
						<line number="30" hits="651" branch="false"/>
					</lines>
				</class>
			</classes>
		</package>
		<package name="org.gmetrics.metric.abc" line-rate="0.9753086419753086" branch-rate="0.9827586206896551" complexity="0.0">
			<classes>
				<class name="org.gmetrics.metric.abc.AbcAstVisitor" filename="org/gmetrics/metric/abc/AbcAstVisitor.groovy" line-rate="0.9824561403508771" branch-rate="0.9772727272727273" complexity="0.0">
					<methods>
						<method name="&lt;clinit&gt;" signature="()V" line-rate="1.0" branch-rate="1.0">
							<lines>
								<line number="37" hits="5" branch="false"/>
								<line number="38" hits="5" branch="false"/>
								<line number="39" hits="5" branch="false"/>
							</lines>
						</method>
						<method name="&lt;init&gt;" signature="()V" line-rate="1.0" branch-rate="1.0">
							<lines>
								<line number="34" hits="2852" branch="false"/>
							</lines>
						</method>
						<method name="countUnaryConditionals" signature="(Lorg/codehaus/groovy/ast/expr/BinaryExpression;)I" line-rate="1.0" branch-rate="0.8333333333333334">
							<lines>
								<line number="145" hits="304" branch="false"/>
								<line number="146" hits="304" branch="false"/>
								<line number="147" hits="304" branch="true" condition-coverage="50% (1/2)">
									<conditions>
										<condition number="0" type="jump" coverage="50%"/>
									</conditions>
								</line>
								<line number="148" hits="304" branch="true" condition-coverage="100% (2/2)">
									<conditions>
										<condition number="0" type="jump" coverage="100%"/>
									</conditions>
								</line>
								<line number="149" hits="60" branch="false"/>
								<line number="151" hits="304" branch="true" condition-coverage="100% (2/2)">
									<conditions>
										<condition number="0" type="jump" coverage="100%"/>
									</conditions>
								</line>
								<line number="152" hits="50" branch="false"/>
								<line number="155" hits="304" branch="false"/>
							</lines>
						</method>
						<method name="countUnaryConditionals" signature="(Lorg/codehaus/groovy/ast/expr/Expression;)I" line-rate="0.0" branch-rate="1.0">
							<lines>
								<line number="160" hits="0" branch="false"/>
							</lines>
						</method>
						<method name="handleExpressionContainingOperation" signature="(Lorg/codehaus/groovy/ast/expr/Expression;)V" line-rate="1.0" branch-rate="1.0">
							<lines>
								<line number="129" hits="6120" branch="false"/>
								<line number="130" hits="6120" branch="true" condition-coverage="100% (8/8)">
									<conditions>
										<condition number="0" type="jump" coverage="100%"/>
										<condition number="1" type="jump" coverage="100%"/>
										<condition number="2" type="jump" coverage="100%"/>
										<condition number="3" type="jump" coverage="100%"/>
									</conditions>
								</line>
								<line number="131" hits="3362" branch="false"/>
								<line number="133" hits="6120" branch="true" condition-coverage="100% (2/2)">
									<conditions>
										<condition number="0" type="jump" coverage="100%"/>
									</conditions>
								</line>
								<line number="134" hits="899" branch="false"/>
								<line number="136" hits="6120" branch="true" condition-coverage="100% (2/2)">
									<conditions>
										<condition number="0" type="jump" coverage="100%"/>
									</conditions>
								</line>
								<line number="137" hits="304" branch="false"/>
							</lines>
						</method>
						<method name="isFinalVariableDeclaration" signature="(Ljava/lang/Object;)Z" line-rate="1.0" branch-rate="1.0">
							<lines>
								<line number="168" hits="3402" branch="true" condition-coverage="100% (2/2)">
									<conditions>
										<condition number="0" type="jump" coverage="100%"/>
									</conditions>
								</line>
								<line number="169" hits="2104" branch="true" condition-coverage="100% (2/2)">
									<conditions>
										<condition number="0" type="jump" coverage="100%"/>
									</conditions>
								</line>
							</lines>
						</method>
						<method name="isNotEmptyStatement" signature="(Lorg/codehaus/groovy/ast/stmt/Statement;)Z" line-rate="1.0" branch-rate="1.0">
							<lines>
								<line number="173" hits="1029" branch="true" condition-coverage="100% (2/2)">
									<conditions>
										<condition number="0" type="jump" coverage="100%"/>
									</conditions>
								</line>
							</lines>
						</method>
						<method name="isSingleVariable" signature="(Ljava/lang/Object;)Z" line-rate="1.0" branch-rate="1.0">
							<lines>
								<line number="164" hits="2685" branch="true" condition-coverage="100% (2/2)">
									<conditions>
										<condition number="0" type="jump" coverage="100%"/>
									</conditions>
								</line>
							</lines>
						</method>
						<method name="visitBinaryExpression" signature="(Lorg/codehaus/groovy/ast/expr/BinaryExpression;)V" line-rate="1.0" branch-rate="1.0">
							<lines>
								<line number="54" hits="5872" branch="false"/>
								<line number="55" hits="5872" branch="false"/>
							</lines>
						</method>
						<method name="visitBooleanExpression" signature="(Lorg/codehaus/groovy/ast/expr/BooleanExpression;)V" line-rate="1.0" branch-rate="1.0">
							<lines>
								<line number="111" hits="1853" branch="true" condition-coverage="100% (2/2)">
									<conditions>
										<condition number="0" type="jump" coverage="100%"/>
									</conditions>
								</line>
								<line number="112" hits="558" branch="false"/>
								<line number="114" hits="1853" branch="false"/>
							</lines>
						</method>
						<method name="visitConstructorCallExpression" signature="(Lorg/codehaus/groovy/ast/expr/ConstructorCallExpression;)V" line-rate="1.0" branch-rate="1.0">
							<lines>
								<line number="80" hits="778" branch="false"/>
								<line number="81" hits="778" branch="false"/>
							</lines>
						</method>
						<method name="visitIfElse" signature="(Lorg/codehaus/groovy/ast/stmt/IfStatement;)V" line-rate="1.0" branch-rate="1.0">
							<lines>
								<line number="85" hits="999" branch="true" condition-coverage="100% (2/2)">
									<conditions>
										<condition number="0" type="jump" coverage="100%"/>
									</conditions>
								</line>
								<line number="86" hits="131" branch="false"/>
								<line number="88" hits="999" branch="false"/>
							</lines>
						</method>
						<method name="visitMethod" signature="(Lorg/codehaus/groovy/ast/MethodNode;)V" line-rate="1.0" branch-rate="1.0">
							<lines>
								<line number="47" hits="2802" branch="true" condition-coverage="100% (10/10)">
									<conditions>
										<condition number="0" type="jump" coverage="100%"/>
										<condition number="1" type="jump" coverage="100%"/>
										<condition number="2" type="jump" coverage="100%"/>
										<condition number="3" type="jump" coverage="100%"/>
										<condition number="4" type="jump" coverage="100%"/>
									</conditions>
								</line>
								<line number="48" hits="2627" branch="false"/>
								<line number="49" hits="2627" branch="false"/>
							</lines>
						</method>
						<method name="visitMethodCallExpression" signature="(Lorg/codehaus/groovy/ast/expr/MethodCallExpression;)V" line-rate="1.0" branch-rate="1.0">
							<lines>
								<line number="69" hits="4828" branch="false"/>
								<line number="70" hits="4828" branch="false"/>
							</lines>
						</method>
						<method name="visitNotExpression" signature="(Lorg/codehaus/groovy/ast/expr/NotExpression;)V" line-rate="1.0" branch-rate="1.0">
							<lines>
								<line number="118" hits="224" branch="true" condition-coverage="100% (2/2)">
									<conditions>
										<condition number="0" type="jump" coverage="100%"/>
									</conditions>
								</line>
								<line number="119" hits="85" branch="false"/>
								<line number="121" hits="224" branch="false"/>
							</lines>
						</method>
						<method name="visitPostfixExpression" signature="(Lorg/codehaus/groovy/ast/expr/PostfixExpression;)V" line-rate="1.0" branch-rate="1.0">
							<lines>
								<line number="64" hits="238" branch="false"/>
								<line number="65" hits="238" branch="false"/>
							</lines>
						</method>
						<method name="visitPrefixExpression" signature="(Lorg/codehaus/groovy/ast/expr/PrefixExpression;)V" line-rate="1.0" branch-rate="1.0">
							<lines>
								<line number="59" hits="10" branch="false"/>
								<line number="60" hits="10" branch="false"/>
							</lines>
						</method>
						<method name="visitPropertyExpression" signature="(Lorg/codehaus/groovy/ast/expr/PropertyExpression;)V" line-rate="1.0" branch-rate="1.0">
							<lines>
								<line number="75" hits="2850" branch="false"/>
								<line number="76" hits="2850" branch="false"/>
							</lines>
						</method>
						<method name="visitSwitch" signature="(Lorg/codehaus/groovy/ast/stmt/SwitchStatement;)V" line-rate="1.0" branch-rate="1.0">
							<lines>
								<line number="92" hits="30" branch="false"/>
								<line number="93" hits="30" branch="true" condition-coverage="100% (2/2)">
									<conditions>
										<condition number="0" type="jump" coverage="100%"/>
									</conditions>
								</line>
								<line number="94" hits="15" branch="false"/>
								<line number="96" hits="30" branch="false"/>
							</lines>
						</method>
						<method name="visitTernaryExpression" signature="(Lorg/codehaus/groovy/ast/expr/TernaryExpression;)V" line-rate="1.0" branch-rate="1.0">
							<lines>
								<line number="106" hits="384" branch="false"/>
								<line number="107" hits="384" branch="false"/>
							</lines>
						</method>
						<method name="visitTryCatchFinally" signature="(Lorg/codehaus/groovy/ast/stmt/TryCatchStatement;)V" line-rate="1.0" branch-rate="1.0">
							<lines>
								<line number="100" hits="42" branch="false"/>
								<line number="101" hits="42" branch="false"/>
								<line number="102" hits="42" branch="false"/>
							</lines>
						</method>
					</methods>
					<lines>
						<line number="34" hits="2852" branch="false"/>
						<line number="37" hits="5" branch="false"/>
						<line number="38" hits="5" branch="false"/>
						<line number="39" hits="5" branch="false"/>
						<line number="47" hits="2802" branch="true" condition-coverage="100% (10/10)">
							<conditions>
								<condition number="0" type="jump" coverage="100%"/>
								<condition number="1" type="jump" coverage="100%"/>
								<condition number="2" type="jump" coverage="100%"/>
								<condition number="3" type="jump" coverage="100%"/>
								<condition number="4" type="jump" coverage="100%"/>
							</conditions>
						</line>
						<line number="48" hits="2627" branch="false"/>
						<line number="49" hits="2627" branch="false"/>
						<line number="54" hits="5872" branch="false"/>
						<line number="55" hits="5872" branch="false"/>
						<line number="59" hits="10" branch="false"/>
						<line number="60" hits="10" branch="false"/>
						<line number="64" hits="238" branch="false"/>
						<line number="65" hits="238" branch="false"/>
						<line number="69" hits="4828" branch="false"/>
						<line number="70" hits="4828" branch="false"/>
						<line number="75" hits="2850" branch="false"/>
						<line number="76" hits="2850" branch="false"/>
						<line number="80" hits="778" branch="false"/>
						<line number="81" hits="778" branch="false"/>
						<line number="85" hits="999" branch="true" condition-coverage="100% (2/2)">
							<conditions>
[...]
							<conditions>
								<condition number="0" type="jump" coverage="100%"/>
								<condition number="1" type="jump" coverage="100%"/>
							</conditions>
						</line>
						<line number="53" hits="10" branch="false"/>
						<line number="55" hits="585" branch="false"/>
						<line number="56" hits="585" branch="true" condition-coverage="100% (2/2)">
							<conditions>
								<condition number="0" type="jump" coverage="100%"/>
							</conditions>
						</line>
						<line number="57" hits="15" branch="false"/>
						<line number="59" hits="585" branch="true" condition-coverage="100% (2/2)">
							<conditions>
								<condition number="0" type="jump" coverage="100%"/>
							</conditions>
						</line>
						<line number="60" hits="5" branch="false"/>
						<line number="62" hits="585" branch="false"/>
						<line number="68" hits="0" branch="false"/>
					</lines>
				</class>
				<class name="org.gmetrics.util.PropertyUtil" filename="org/gmetrics/util/PropertyUtil.groovy" line-rate="0.9166666666666666" branch-rate="1.0" complexity="0.0">
					<methods>
						<method name="&lt;init&gt;" signature="()V" line-rate="0.0" branch-rate="1.0">
							<lines>
								<line number="60" hits="0" branch="false"/>
							</lines>
						</method>
						<method name="setPropertyFromString" signature="(Ljava/lang/Object;Ljava/lang/String;Ljava/lang/String;)V" line-rate="1.0" branch-rate="1.0">
							<lines>
								<line number="35" hits="35" branch="false"/>
								<line number="36" hits="35" branch="true" condition-coverage="100% (2/2)">
									<conditions>
										<condition number="0" type="jump" coverage="100%"/>
									</conditions>
								</line>
								<line number="37" hits="5" branch="false"/>
								<line number="40" hits="30" branch="false"/>
								<line number="42" hits="30" branch="true" condition-coverage="100% (2/2)">
									<conditions>
										<condition number="0" type="jump" coverage="100%"/>
									</conditions>
								</line>
								<line number="43" hits="10" branch="false"/>
								<line number="46" hits="30" branch="true" condition-coverage="100% (2/2)">
									<conditions>
										<condition number="0" type="jump" coverage="100%"/>
									</conditions>
								</line>
								<line number="47" hits="5" branch="false"/>
								<line number="50" hits="30" branch="true" condition-coverage="100% (2/2)">
									<conditions>
										<condition number="0" type="jump" coverage="100%"/>
									</conditions>
								</line>
								<line number="51" hits="10" branch="false"/>
								<line number="54" hits="30" branch="false"/>
							</lines>
						</method>
					</methods>
					<lines>
						<line number="35" hits="35" branch="false"/>
						<line number="36" hits="35" branch="true" condition-coverage="100% (2/2)">
							<conditions>
								<condition number="0" type="jump" coverage="100%"/>
							</conditions>
						</line>
						<line number="37" hits="5" branch="false"/>
						<line number="40" hits="30" branch="false"/>
						<line number="42" hits="30" branch="true" condition-coverage="100% (2/2)">
							<conditions>
								<condition number="0" type="jump" coverage="100%"/>
							</conditions>
						</line>
						<line number="43" hits="10" branch="false"/>
						<line number="46" hits="30" branch="true" condition-coverage="100% (2/2)">
							<conditions>
								<condition number="0" type="jump" coverage="100%"/>
							</conditions>
						</line>
						<line number="47" hits="5" branch="false"/>
						<line number="50" hits="30" branch="true" condition-coverage="100% (2/2)">
							<conditions>
								<condition number="0" type="jump" coverage="100%"/>
							</conditions>
						</line>
						<line number="51" hits="10" branch="false"/>
						<line number="54" hits="30" branch="false"/>
						<line number="60" hits="0" branch="false"/>
					</lines>
				</class>
				<class name="org.gmetrics.util.WildcardPattern" filename="org/gmetrics/util/WildcardPattern.groovy" line-rate="1.0" branch-rate="0.875" complexity="0.0">
					<methods>
						<method name="&lt;init&gt;" signature="(Ljava/lang/String;Z)V" line-rate="1.0" branch-rate="1.0">
							<lines>
								<line number="39" hits="535" branch="false"/>
								<line number="40" hits="535" branch="false"/>
								<line number="52" hits="535" branch="false"/>
								<line number="53" hits="535" branch="true" condition-coverage="100% (2/2)">
									<conditions>
										<condition number="0" type="jump" coverage="100%"/>
									</conditions>
								</line>
								<line number="54" hits="535" branch="false"/>
							</lines>
						</method>
						<method name="containsWildcards" signature="(Ljava/lang/String;)Z" line-rate="1.0" branch-rate="1.0">
							<lines>
								<line number="85" hits="525" branch="false"/>
							</lines>
						</method>
						<method name="convertStringWithWildcardsToRegex" signature="(Ljava/lang/String;)Ljava/lang/String;" line-rate="1.0" branch-rate="0.5">
							<lines>
								<line number="97" hits="260" branch="true" condition-coverage="50% (2/4)">
									<conditions>
										<condition number="0" type="jump" coverage="50%"/>
										<condition number="1" type="jump" coverage="50%"/>
									</conditions>
								</line>
								<line number="99" hits="260" branch="false"/>
								<line number="100" hits="260" branch="false"/>
								<line number="101" hits="260" branch="false"/>
								<line number="118" hits="260" branch="false"/>
							</lines>
						</method>
						<method name="matches" signature="(Ljava/lang/String;)Z" line-rate="1.0" branch-rate="1.0">
							<lines>
								<line number="72" hits="2691" branch="true" condition-coverage="100% (6/6)">
									<conditions>
										<condition number="0" type="jump" coverage="100%"/>
										<condition number="1" type="jump" coverage="100%"/>
										<condition number="2" type="jump" coverage="100%"/>
									</conditions>
								</line>
								<line number="73" hits="543" branch="false"/>
								<line number="75" hits="2148" branch="true" condition-coverage="100% (2/2)">
									<conditions>
										<condition number="0" type="jump" coverage="100%"/>
									</conditions>
								</line>
								<line number="76" hits="1540" branch="true" condition-coverage="100% (2/2)">
									<conditions>
										<condition number="0" type="jump" coverage="100%"/>
									</conditions>
								</line>
							</lines>
						</method>
					</methods>
					<lines>
						<line number="39" hits="535" branch="false"/>
						<line number="40" hits="535" branch="false"/>
						<line number="52" hits="535" branch="false"/>
						<line number="53" hits="535" branch="true" condition-coverage="100% (2/2)">
							<conditions>
								<condition number="0" type="jump" coverage="100%"/>
							</conditions>
						</line>
						<line number="54" hits="535" branch="false"/>
						<line number="72" hits="2691" branch="true" condition-coverage="100% (6/6)">
							<conditions>
								<condition number="0" type="jump" coverage="100%"/>
								<condition number="1" type="jump" coverage="100%"/>
								<condition number="2" type="jump" coverage="100%"/>
							</conditions>
						</line>
						<line number="73" hits="543" branch="false"/>
						<line number="75" hits="2148" branch="true" condition-coverage="100% (2/2)">
							<conditions>
								<condition number="0" type="jump" coverage="100%"/>
							</conditions>
						</line>
						<line number="76" hits="1540" branch="true" condition-coverage="100% (2/2)">
							<conditions>
								<condition number="0" type="jump" coverage="100%"/>
							</conditions>
						</line>
						<line number="85" hits="525" branch="false"/>
						<line number="97" hits="260" branch="true" condition-coverage="50% (2/4)">
							<conditions>
								<condition number="0" type="jump" coverage="50%"/>
								<condition number="1" type="jump" coverage="50%"/>
							</conditions>
						</line>
						<line number="99" hits="260" branch="false"/>
						<line number="100" hits="260" branch="false"/>
						<line number="101" hits="260" branch="false"/>
						<line number="118" hits="260" branch="false"/>
					</lines>
				</class>
				<class name="org.gmetrics.util.WildcardPattern$_closure1" filename="org/gmetrics/util/WildcardPattern.groovy" line-rate="1.0" branch-rate="1.0" complexity="0.0">
					<methods>
						<method name="doCall" signature="(Ljava/lang/Object;)Ljava/lang/Object;" line-rate="1.0" branch-rate="1.0">
							<lines>
								<line number="55" hits="525" branch="true" condition-coverage="100% (2/2)">
									<conditions>
										<condition number="0" type="jump" coverage="100%"/>
									</conditions>
								</line>
								<line number="56" hits="260" branch="false"/>
								<line number="59" hits="265" branch="false"/>
							</lines>
						</method>
					</methods>
					<lines>
						<line number="55" hits="525" branch="true" condition-coverage="100% (2/2)">
							<conditions>
								<condition number="0" type="jump" coverage="100%"/>
							</conditions>
						</line>
						<line number="56" hits="260" branch="false"/>
						<line number="59" hits="265" branch="false"/>
					</lines>
				</class>
				<class name="org.gmetrics.util.WildcardPattern$_convertStringWithWildcardsToRegex_closure3" filename="org/gmetrics/util/WildcardPattern.groovy" line-rate="1.0" branch-rate="1.0" complexity="0.0">
					<methods>
						<method name="doCall" signature="(Ljava/lang/Object;)Ljava/lang/Object;" line-rate="1.0" branch-rate="1.0">
							<lines>
								<line number="102" hits="2440" branch="false"/>
								<line number="103" hits="2440" branch="true" condition-coverage="100% (2/2)">
									<conditions>
										<condition number="0" type="jump" coverage="100%"/>
									</conditions>
								</line>
								<line number="105" hits="420" branch="true" condition-coverage="100% (2/2)">
									<conditions>
										<condition number="0" type="jump" coverage="100%"/>
									</conditions>
								</line>
								<line number="106" hits="420" branch="true" condition-coverage="100% (4/4)">
									<conditions>
										<condition number="0" type="jump" coverage="100%"/>
										<condition number="1" type="jump" coverage="100%"/>
									</conditions>
								</line>
								<line number="108" hits="2020" branch="true" condition-coverage="100% (2/2)">
									<conditions>
										<condition number="0" type="jump" coverage="100%"/>
									</conditions>
								</line>
								<line number="110" hits="70" branch="false"/>
								<line number="112" hits="1950" branch="true" condition-coverage="100% (2/2)">
									<conditions>
										<condition number="0" type="jump" coverage="100%"/>
									</conditions>
								</line>
								<line number="113" hits="195" branch="false"/>
								<line number="115" hits="1755" branch="false"/>
							</lines>
						</method>
					</methods>
					<lines>
						<line number="102" hits="2440" branch="false"/>
						<line number="103" hits="2440" branch="true" condition-coverage="100% (2/2)">
							<conditions>
								<condition number="0" type="jump" coverage="100%"/>
							</conditions>
						</line>
						<line number="105" hits="420" branch="true" condition-coverage="100% (2/2)">
							<conditions>
								<condition number="0" type="jump" coverage="100%"/>
							</conditions>
						</line>
						<line number="106" hits="420" branch="true" condition-coverage="100% (4/4)">
							<conditions>
								<condition number="0" type="jump" coverage="100%"/>
								<condition number="1" type="jump" coverage="100%"/>
							</conditions>
						</line>
						<line number="108" hits="2020" branch="true" condition-coverage="100% (2/2)">
							<conditions>
								<condition number="0" type="jump" coverage="100%"/>
							</conditions>
						</line>
						<line number="110" hits="70" branch="false"/>
						<line number="112" hits="1950" branch="true" condition-coverage="100% (2/2)">
							<conditions>
								<condition number="0" type="jump" coverage="100%"/>
							</conditions>
						</line>
						<line number="113" hits="195" branch="false"/>
						<line number="115" hits="1755" branch="false"/>
					</lines>
				</class>
				<class name="org.gmetrics.util.WildcardPattern$_matches_closure2" filename="org/gmetrics/util/WildcardPattern.groovy" line-rate="1.0" branch-rate="1.0" complexity="0.0">
					<methods>
						<method name="doCall" signature="(Ljava/lang/Object;)Ljava/lang/Object;" line-rate="1.0" branch-rate="1.0">
							<lines>
								<line number="75" hits="2008" branch="true" condition-coverage="100% (2/2)">
									<conditions>
										<condition number="0" type="jump" coverage="100%"/>
									</conditions>
								</line>
							</lines>
						</method>
					</methods>
					<lines>
						<line number="75" hits="2008" branch="true" condition-coverage="100% (2/2)">
							<conditions>
								<condition number="0" type="jump" coverage="100%"/>
							</conditions>
						</line>
					</lines>
				</class>
			</classes>
		</package>
		<package name="org.gmetrics.util.io" line-rate="1.0" branch-rate="1.0" complexity="0.0">
			<classes>
				<class name="org.gmetrics.util.io.ClassPathResource" filename="org/gmetrics/util/io/ClassPathResource.groovy" line-rate="1.0" branch-rate="1.0" complexity="0.0">
					<methods>
						<method name="&lt;init&gt;" signature="(Ljava/lang/String;)V" line-rate="1.0" branch-rate="1.0">
							<lines>
								<line number="51" hits="597" branch="true" condition-coverage="100% (2/2)">
									<conditions>
										<condition number="0" type="jump" coverage="100%"/>
									</conditions>
								</line>
								<line number="52" hits="577" branch="false"/>
							</lines>
						</method>
						<method name="getInputStream" signature="()Ljava/io/InputStream;" line-rate="1.0" branch-rate="1.0">
							<lines>
								<line number="60" hits="567" branch="false"/>
								<line number="61" hits="567" branch="true" condition-coverage="100% (4/4)">
									<conditions>
										<condition number="0" type="jump" coverage="100%"/>
										<condition number="1" type="jump" coverage="100%"/>
									</conditions>
								</line>
								<line number="62" hits="25" branch="false"/>
								<line number="64" hits="542" branch="false"/>
							</lines>
						</method>
						<method name="getInputStream" signature="(Ljava/lang/String;)Ljava/io/InputStream;" line-rate="1.0" branch-rate="1.0">
							<lines>
								<line number="40" hits="152" branch="false"/>
							</lines>
						</method>
					</methods>
					<lines>
						<line number="40" hits="152" branch="false"/>
						<line number="51" hits="597" branch="true" condition-coverage="100% (2/2)">
							<conditions>
								<condition number="0" type="jump" coverage="100%"/>
							</conditions>
						</line>
						<line number="52" hits="577" branch="false"/>
						<line number="60" hits="567" branch="false"/>
						<line number="61" hits="567" branch="true" condition-coverage="100% (4/4)">
							<conditions>
								<condition number="0" type="jump" coverage="100%"/>
								<condition number="1" type="jump" coverage="100%"/>
							</conditions>
						</line>
						<line number="62" hits="25" branch="false"/>
						<line number="64" hits="542" branch="false"/>
					</lines>
				</class>
				<class name="org.gmetrics.util.io.DefaultResourceFactory" filename="org/gmetrics/util/io/DefaultResourceFactory.groovy" line-rate="1.0" branch-rate="1.0" complexity="0.0">
					<methods>
						<method name="&lt;init&gt;" signature="()V" line-rate="1.0" branch-rate="1.0">
							<lines>
								<line number="26" hits="528" branch="false"/>
							</lines>
						</method>
						<method name="getResource" signature="(Ljava/lang/String;)Lorg/gmetrics/util/io/Resource;" line-rate="1.0" branch-rate="1.0">
							<lines>
								<line number="36" hits="455" branch="true" condition-coverage="100% (2/2)">
									<conditions>
										<condition number="0" type="jump" coverage="100%"/>
									</conditions>
								</line>
								<line number="37" hits="445" branch="true" condition-coverage="100% (2/2)">
									<conditions>
										<condition number="0" type="jump" coverage="100%"/>
									</conditions>
								</line>
								<line number="38" hits="15" branch="false"/>
								<line number="41" hits="430" branch="true" condition-coverage="100% (2/2)">
									<conditions>
										<condition number="0" type="jump" coverage="100%"/>
									</conditions>
								</line>
								<line number="42" hits="30" branch="false"/>
							</lines>
						</method>
						<method name="isUrl" signature="(Ljava/lang/String;)Ljava/lang/Object;" line-rate="1.0" branch-rate="1.0">
							<lines>
								<line number="46" hits="430" branch="false"/>
							</lines>
						</method>
					</methods>
					<lines>
						<line number="26" hits="528" branch="false"/>
						<line number="36" hits="455" branch="true" condition-coverage="100% (2/2)">
							<conditions>
								<condition number="0" type="jump" coverage="100%"/>
							</conditions>
						</line>
						<line number="37" hits="445" branch="true" condition-coverage="100% (2/2)">
							<conditions>
								<condition number="0" type="jump" coverage="100%"/>
							</conditions>
						</line>
						<line number="38" hits="15" branch="false"/>
						<line number="41" hits="430" branch="true" condition-coverage="100% (2/2)">
							<conditions>
								<condition number="0" type="jump" coverage="100%"/>
							</conditions>
						</line>
						<line number="42" hits="30" branch="false"/>
						<line number="46" hits="430" branch="false"/>
					</lines>
				</class>
				<class name="org.gmetrics.util.io.Resource" filename="org/gmetrics/util/io/Resource.groovy" line-rate="1.0" branch-rate="1.0" complexity="0.0">
					<methods>
					</methods>
					<lines>
					</lines>
				</class>
				<class name="org.gmetrics.util.io.ResourceFactory" filename="org/gmetrics/util/io/ResourceFactory.groovy" line-rate="1.0" branch-rate="1.0" complexity="0.0">
					<methods>
					</methods>
					<lines>
					</lines>
				</class>
				<class name="org.gmetrics.util.io.UrlResource" filename="org/gmetrics/util/io/UrlResource.groovy" line-rate="1.0" branch-rate="1.0" complexity="0.0">
					<methods>
						<method name="&lt;init&gt;" signature="(Ljava/lang/String;)V" line-rate="1.0" branch-rate="1.0">
							<lines>
								<line number="34" hits="70" branch="true" condition-coverage="100% (2/2)">
									<conditions>
										<condition number="0" type="jump" coverage="100%"/>
									</conditions>
								</line>
								<line number="35" hits="60" branch="false"/>
							</lines>
						</method>
						<method name="getInputStream" signature="()Ljava/io/InputStream;" line-rate="1.0" branch-rate="1.0">
							<lines>
								<line number="43" hits="50" branch="false"/>
								<line number="44" hits="45" branch="false"/>
							</lines>
						</method>
					</methods>
					<lines>
						<line number="34" hits="70" branch="true" condition-coverage="100% (2/2)">
							<conditions>
								<condition number="0" type="jump" coverage="100%"/>
							</conditions>
						</line>
						<line number="35" hits="60" branch="false"/>
						<line number="43" hits="50" branch="false"/>
						<line number="44" hits="45" branch="false"/>
					</lines>
				</class>
			</classes>
		</package>
	</packages>
</coverage>
